<?xml version="1.0" encoding="UTF-8"?>
<!-- Generated by org.testng.reporters.JUnitReportReporter -->
<testsuite skipped="1" hostname="LAPTOP-NNQ3O8RD" name="com.crm.comcast.conatctwithorgNameTest.CreateContactswithOrgTest" tests="2" failures="0" timestamp="2022-01-09T22:53:58 IST" time="3.087" errors="1">
  <testcase name="createContactwithOrgTest" time="0.000" classname="com.crm.comcast.conatctwithorgNameTest.CreateContactswithOrgTest">
    <skipped/>
  </testcase> <!-- createContactwithOrgTest -->
  <system-out/>
  <testcase name="launchBrowser" time="3.087" classname="com.crm.comcast.conatctwithorgNameTest.CreateContactswithOrgTest">
    <error type="org.openqa.selenium.WebDriverException" message="unknown error: Chrome failed to start: exited normally.
  (unknown error: DevToolsActivePort file doesn&#039;t exist)
  (The process started from chrome location C:\Program Files\Google\Chrome\Application\chrome.exe is no longer running, so ChromeDriver is assuming that Chrome has crashed.)
Build info: version: &#039;3.141.59&#039;, revision: &#039;e82be7d358&#039;, time: &#039;2018-11-14T08:25:48&#039;
System info: host: &#039;LAPTOP-NNQ3O8RD&#039;, ip: &#039;192.168.0.110&#039;, os.name: &#039;Windows 10&#039;, os.arch: &#039;amd64&#039;, os.version: &#039;10.0&#039;, java.version: &#039;1.8.0_301&#039;
Driver info: driver.version: ChromeDriver
remote stacktrace: Backtrace:
	Ordinal0 [0x00BF6903+2517251]
	Ordinal0 [0x00B8F8E1+2095329]
	Ordinal0 [0x00A92848+1058888]
	Ordinal0 [0x00AADC70+1170544]
	Ordinal0 [0x00AAA2CF+1155791]
	Ordinal0 [0x00ADAAAF+1354415]
	Ordinal0 [0x00ADA71A+1353498]
	Ordinal0 [0x00AD639B+1336219]
	Ordinal0 [0x00AB27A7+1189799]
	Ordinal0 [0x00AB3609+1193481]
	GetHandleVerifier [0x00D85904+1577972]
	GetHandleVerifier [0x00E30B97+2279047]
	GetHandleVerifier [0x00C86D09+534521]
	GetHandleVerifier [0x00C85DB9+530601]
	Ordinal0 [0x00B94FF9+2117625]
	Ordinal0 [0x00B998A8+2136232]
	Ordinal0 [0x00B999E2+2136546]
	Ordinal0 [0x00BA3541+2176321]
	BaseThreadInitThunk [0x764E6739+25]
	RtlGetFullPathName_UEx [0x773A8AFF+1215]
	RtlGetFullPathName_UEx [0x773A8ACD+1165]
">
      <![CDATA[org.openqa.selenium.WebDriverException: unknown error: Chrome failed to start: exited normally.
  (unknown error: DevToolsActivePort file doesn't exist)
  (The process started from chrome location C:\Program Files\Google\Chrome\Application\chrome.exe is no longer running, so ChromeDriver is assuming that Chrome has crashed.)
Build info: version: '3.141.59', revision: 'e82be7d358', time: '2018-11-14T08:25:48'
System info: host: 'LAPTOP-NNQ3O8RD', ip: '192.168.0.110', os.name: 'Windows 10', os.arch: 'amd64', os.version: '10.0', java.version: '1.8.0_301'
Driver info: driver.version: ChromeDriver
remote stacktrace: Backtrace:
Ordinal0 [0x00BF6903+2517251]
Ordinal0 [0x00B8F8E1+2095329]
Ordinal0 [0x00A92848+1058888]
Ordinal0 [0x00AADC70+1170544]
Ordinal0 [0x00AAA2CF+1155791]
Ordinal0 [0x00ADAAAF+1354415]
Ordinal0 [0x00ADA71A+1353498]
Ordinal0 [0x00AD639B+1336219]
Ordinal0 [0x00AB27A7+1189799]
Ordinal0 [0x00AB3609+1193481]
GetHandleVerifier [0x00D85904+1577972]
GetHandleVerifier [0x00E30B97+2279047]
GetHandleVerifier [0x00C86D09+534521]
GetHandleVerifier [0x00C85DB9+530601]
Ordinal0 [0x00B94FF9+2117625]
Ordinal0 [0x00B998A8+2136232]
Ordinal0 [0x00B999E2+2136546]
Ordinal0 [0x00BA3541+2176321]
BaseThreadInitThunk [0x764E6739+25]
RtlGetFullPathName_UEx [0x773A8AFF+1215]
RtlGetFullPathName_UEx [0x773A8ACD+1165]

at sun.reflect.NativeConstructorAccessorImpl.newInstance0(Native Method)
at sun.reflect.NativeConstructorAccessorImpl.newInstance(Unknown Source)
at sun.reflect.DelegatingConstructorAccessorImpl.newInstance(Unknown Source)
at java.lang.reflect.Constructor.newInstance(Unknown Source)
at org.openqa.selenium.remote.W3CHandshakeResponse.lambda$errorHandler$0(W3CHandshakeResponse.java:62)
at org.openqa.selenium.remote.HandshakeResponse.lambda$getResponseFunction$0(HandshakeResponse.java:30)
at org.openqa.selenium.remote.ProtocolHandshake.lambda$createSession$0(ProtocolHandshake.java:126)
at java.util.stream.ReferencePipeline$3$1.accept(Unknown Source)
at java.util.Spliterators$ArraySpliterator.tryAdvance(Unknown Source)
at java.util.stream.ReferencePipeline.forEachWithCancel(Unknown Source)
at java.util.stream.AbstractPipeline.copyIntoWithCancel(Unknown Source)
at java.util.stream.AbstractPipeline.copyInto(Unknown Source)
at java.util.stream.AbstractPipeline.wrapAndCopyInto(Unknown Source)
at java.util.stream.FindOps$FindOp.evaluateSequential(Unknown Source)
at java.util.stream.AbstractPipeline.evaluate(Unknown Source)
at java.util.stream.ReferencePipeline.findFirst(Unknown Source)
at org.openqa.selenium.remote.ProtocolHandshake.createSession(ProtocolHandshake.java:128)
at org.openqa.selenium.remote.ProtocolHandshake.createSession(ProtocolHandshake.java:74)
at org.openqa.selenium.remote.HttpCommandExecutor.execute(HttpCommandExecutor.java:136)
at org.openqa.selenium.remote.service.DriverCommandExecutor.execute(DriverCommandExecutor.java:83)
at org.openqa.selenium.remote.RemoteWebDriver.execute(RemoteWebDriver.java:552)
at org.openqa.selenium.remote.RemoteWebDriver.startSession(RemoteWebDriver.java:213)
at org.openqa.selenium.remote.RemoteWebDriver.<init>(RemoteWebDriver.java:131)
at org.openqa.selenium.chrome.ChromeDriver.<init>(ChromeDriver.java:181)
at org.openqa.selenium.chrome.ChromeDriver.<init>(ChromeDriver.java:168)
at org.openqa.selenium.chrome.ChromeDriver.<init>(ChromeDriver.java:123)
at com.vtiger.comcast.genericUtility.BaseClass.launchBrowser(BaseClass.java:51)
at sun.reflect.NativeMethodAccessorImpl.invoke0(Native Method)
at sun.reflect.NativeMethodAccessorImpl.invoke(Unknown Source)
at sun.reflect.DelegatingMethodAccessorImpl.invoke(Unknown Source)
at java.lang.reflect.Method.invoke(Unknown Source)
at org.testng.internal.MethodInvocationHelper.invokeMethod(MethodInvocationHelper.java:133)
at org.testng.internal.MethodInvocationHelper.invokeMethodConsideringTimeout(MethodInvocationHelper.java:62)
at org.testng.internal.ConfigInvoker.invokeConfigurationMethod(ConfigInvoker.java:385)
at org.testng.internal.ConfigInvoker.invokeConfigurations(ConfigInvoker.java:321)
at org.testng.internal.TestMethodWorker.invokeBeforeClassMethods(TestMethodWorker.java:176)
at org.testng.internal.TestMethodWorker.run(TestMethodWorker.java:122)
at java.util.ArrayList.forEach(Unknown Source)
at org.testng.TestRunner.privateRun(TestRunner.java:794)
at org.testng.TestRunner.run(TestRunner.java:596)
at org.testng.SuiteRunner.runTest(SuiteRunner.java:377)
at org.testng.SuiteRunner.runSequentially(SuiteRunner.java:371)
at org.testng.SuiteRunner.privateRun(SuiteRunner.java:332)
at org.testng.SuiteRunner.run(SuiteRunner.java:276)
at org.testng.SuiteRunnerWorker.runSuite(SuiteRunnerWorker.java:53)
at org.testng.SuiteRunnerWorker.run(SuiteRunnerWorker.java:96)
at org.testng.TestNG.runSuitesSequentially(TestNG.java:1212)
at org.testng.TestNG.runSuitesLocally(TestNG.java:1134)
at org.testng.TestNG.runSuites(TestNG.java:1063)
at org.testng.TestNG.run(TestNG.java:1031)
at org.testng.remote.AbstractRemoteTestNG.run(AbstractRemoteTestNG.java:115)
at org.testng.remote.RemoteTestNG.initAndRun(RemoteTestNG.java:251)
at org.testng.remote.RemoteTestNG.main(RemoteTestNG.java:77)
]]>
    </error>
  </testcase> <!-- launchBrowser -->
  <system-out/>
</testsuite> <!-- com.crm.comcast.conatctwithorgNameTest.CreateContactswithOrgTest -->
