<?xml version="1.0" encoding="UTF-8"?>
<!-- Generated by org.testng.reporters.JUnitReportReporter -->
<testsuite skipped="1" hostname="LAPTOP-NNQ3O8RD" name="com.crm.comcast.organaizationtest.CreateOrganization_With_Industries_And_Type_Test" tests="2" failures="0" timestamp="2022-02-04T15:31:04 IST" time="2.174" errors="1">
  <testcase name="createOrgWithIndusAndTypeTest" time="0.000" classname="com.crm.comcast.organaizationtest.CreateOrganization_With_Industries_And_Type_Test">
    <skipped/>
  </testcase> <!-- createOrgWithIndusAndTypeTest -->
  <system-out/>
  <testcase name="launchBrowser" time="2.174" classname="com.crm.comcast.organaizationtest.CreateOrganization_With_Industries_And_Type_Test">
    <error type="org.openqa.selenium.SessionNotCreatedException" message="session not created: This version of ChromeDriver only supports Chrome version 96
Current browser version is 98.0.4758.81 with binary path C:\Program Files\Google\Chrome\Application\chrome.exe
Build info: version: &#039;3.141.59&#039;, revision: &#039;e82be7d358&#039;, time: &#039;2018-11-14T08:25:48&#039;
System info: host: &#039;LAPTOP-NNQ3O8RD&#039;, ip: &#039;192.168.0.111&#039;, os.name: &#039;Windows 10&#039;, os.arch: &#039;amd64&#039;, os.version: &#039;10.0&#039;, java.version: &#039;1.8.0_301&#039;
Driver info: driver.version: ChromeDriver
remote stacktrace: Backtrace:
	Ordinal0 [0x00AC6903+2517251]
	Ordinal0 [0x00A5F8E1+2095329]
	Ordinal0 [0x00962848+1058888]
	Ordinal0 [0x00980B9D+1182621]
	Ordinal0 [0x0097CA60+1165920]
	Ordinal0 [0x0097A2CF+1155791]
	Ordinal0 [0x009AAAAF+1354415]
	Ordinal0 [0x009AA71A+1353498]
	Ordinal0 [0x009A639B+1336219]
	Ordinal0 [0x009827A7+1189799]
	Ordinal0 [0x00983609+1193481]
	GetHandleVerifier [0x00C55904+1577972]
	GetHandleVerifier [0x00D00B97+2279047]
	GetHandleVerifier [0x00B56D09+534521]
	GetHandleVerifier [0x00B55DB9+530601]
	Ordinal0 [0x00A64FF9+2117625]
	Ordinal0 [0x00A698A8+2136232]
	Ordinal0 [0x00A699E2+2136546]
	Ordinal0 [0x00A73541+2176321]
	BaseThreadInitThunk [0x75D36739+25]
	RtlGetFullPathName_UEx [0x76FA8AFF+1215]
	RtlGetFullPathName_UEx [0x76FA8ACD+1165]
">
      <![CDATA[org.openqa.selenium.SessionNotCreatedException: session not created: This version of ChromeDriver only supports Chrome version 96
Current browser version is 98.0.4758.81 with binary path C:\Program Files\Google\Chrome\Application\chrome.exe
Build info: version: '3.141.59', revision: 'e82be7d358', time: '2018-11-14T08:25:48'
System info: host: 'LAPTOP-NNQ3O8RD', ip: '192.168.0.111', os.name: 'Windows 10', os.arch: 'amd64', os.version: '10.0', java.version: '1.8.0_301'
Driver info: driver.version: ChromeDriver
remote stacktrace: Backtrace:
Ordinal0 [0x00AC6903+2517251]
Ordinal0 [0x00A5F8E1+2095329]
Ordinal0 [0x00962848+1058888]
Ordinal0 [0x00980B9D+1182621]
Ordinal0 [0x0097CA60+1165920]
Ordinal0 [0x0097A2CF+1155791]
Ordinal0 [0x009AAAAF+1354415]
Ordinal0 [0x009AA71A+1353498]
Ordinal0 [0x009A639B+1336219]
Ordinal0 [0x009827A7+1189799]
Ordinal0 [0x00983609+1193481]
GetHandleVerifier [0x00C55904+1577972]
GetHandleVerifier [0x00D00B97+2279047]
GetHandleVerifier [0x00B56D09+534521]
GetHandleVerifier [0x00B55DB9+530601]
Ordinal0 [0x00A64FF9+2117625]
Ordinal0 [0x00A698A8+2136232]
Ordinal0 [0x00A699E2+2136546]
Ordinal0 [0x00A73541+2176321]
BaseThreadInitThunk [0x75D36739+25]
RtlGetFullPathName_UEx [0x76FA8AFF+1215]
RtlGetFullPathName_UEx [0x76FA8ACD+1165]

at sun.reflect.NativeConstructorAccessorImpl.newInstance0(Native Method)
at sun.reflect.NativeConstructorAccessorImpl.newInstance(Unknown Source)
at sun.reflect.DelegatingConstructorAccessorImpl.newInstance(Unknown Source)
at java.lang.reflect.Constructor.newInstance(Unknown Source)
at org.openqa.selenium.remote.W3CHandshakeResponse.lambda$errorHandler$0(W3CHandshakeResponse.java:62)
at org.openqa.selenium.remote.HandshakeResponse.lambda$getResponseFunction$0(HandshakeResponse.java:30)
at org.openqa.selenium.remote.ProtocolHandshake.lambda$createSession$0(ProtocolHandshake.java:126)
at java.util.stream.ReferencePipeline$3$1.accept(Unknown Source)
at java.util.Spliterators$ArraySpliterator.tryAdvance(Unknown Source)
at java.util.stream.ReferencePipeline.forEachWithCancel(Unknown Source)
at java.util.stream.AbstractPipeline.copyIntoWithCancel(Unknown Source)
at java.util.stream.AbstractPipeline.copyInto(Unknown Source)
at java.util.stream.AbstractPipeline.wrapAndCopyInto(Unknown Source)
at java.util.stream.FindOps$FindOp.evaluateSequential(Unknown Source)
at java.util.stream.AbstractPipeline.evaluate(Unknown Source)
at java.util.stream.ReferencePipeline.findFirst(Unknown Source)
at org.openqa.selenium.remote.ProtocolHandshake.createSession(ProtocolHandshake.java:128)
at org.openqa.selenium.remote.ProtocolHandshake.createSession(ProtocolHandshake.java:74)
at org.openqa.selenium.remote.HttpCommandExecutor.execute(HttpCommandExecutor.java:136)
at org.openqa.selenium.remote.service.DriverCommandExecutor.execute(DriverCommandExecutor.java:83)
at org.openqa.selenium.remote.RemoteWebDriver.execute(RemoteWebDriver.java:552)
at org.openqa.selenium.remote.RemoteWebDriver.startSession(RemoteWebDriver.java:213)
at org.openqa.selenium.remote.RemoteWebDriver.<init>(RemoteWebDriver.java:131)
at org.openqa.selenium.chrome.ChromeDriver.<init>(ChromeDriver.java:181)
at org.openqa.selenium.chrome.ChromeDriver.<init>(ChromeDriver.java:168)
at org.openqa.selenium.chrome.ChromeDriver.<init>(ChromeDriver.java:123)
at com.vtiger.comcast.genericUtility.BaseClass.launchBrowser(BaseClass.java:51)
at sun.reflect.NativeMethodAccessorImpl.invoke0(Native Method)
at sun.reflect.NativeMethodAccessorImpl.invoke(Unknown Source)
at sun.reflect.DelegatingMethodAccessorImpl.invoke(Unknown Source)
at java.lang.reflect.Method.invoke(Unknown Source)
at org.testng.internal.MethodInvocationHelper.invokeMethod(MethodInvocationHelper.java:133)
at org.testng.internal.MethodInvocationHelper.invokeMethodConsideringTimeout(MethodInvocationHelper.java:62)
at org.testng.internal.ConfigInvoker.invokeConfigurationMethod(ConfigInvoker.java:385)
at org.testng.internal.ConfigInvoker.invokeConfigurations(ConfigInvoker.java:321)
at org.testng.internal.TestMethodWorker.invokeBeforeClassMethods(TestMethodWorker.java:176)
at org.testng.internal.TestMethodWorker.run(TestMethodWorker.java:122)
at java.util.ArrayList.forEach(Unknown Source)
at org.testng.TestRunner.privateRun(TestRunner.java:794)
at org.testng.TestRunner.run(TestRunner.java:596)
at org.testng.SuiteRunner.runTest(SuiteRunner.java:377)
at org.testng.SuiteRunner.runSequentially(SuiteRunner.java:371)
at org.testng.SuiteRunner.privateRun(SuiteRunner.java:332)
at org.testng.SuiteRunner.run(SuiteRunner.java:276)
at org.testng.SuiteRunnerWorker.runSuite(SuiteRunnerWorker.java:53)
at org.testng.SuiteRunnerWorker.run(SuiteRunnerWorker.java:96)
at org.testng.TestNG.runSuitesSequentially(TestNG.java:1212)
at org.testng.TestNG.runSuitesLocally(TestNG.java:1134)
at org.testng.TestNG.runSuites(TestNG.java:1063)
at org.testng.TestNG.run(TestNG.java:1031)
at org.testng.remote.AbstractRemoteTestNG.run(AbstractRemoteTestNG.java:115)
at org.testng.remote.RemoteTestNG.initAndRun(RemoteTestNG.java:251)
at org.testng.remote.RemoteTestNG.main(RemoteTestNG.java:77)
]]>
    </error>
  </testcase> <!-- launchBrowser -->
  <system-out/>
</testsuite> <!-- com.crm.comcast.organaizationtest.CreateOrganization_With_Industries_And_Type_Test -->
